{"/Users/mariussaevarsson/Documents/HR/HGOP/game_api/dealer.js": {"path":"/Users/mariussaevarsson/Documents/HR/HGOP/game_api/dealer.js","statementMap":{"0":{"start":{"line":1,"column":0},"end":{"line":17,"column":2}},"1":{"start":{"line":2,"column":4},"end":{"line":16,"column":6}},"2":{"start":{"line":4,"column":12},"end":{"line":10,"column":13}},"3":{"start":{"line":4,"column":25},"end":{"line":4,"column":26}},"4":{"start":{"line":5,"column":26},"end":{"line":5,"column":75}},"5":{"start":{"line":6,"column":29},"end":{"line":6,"column":36}},"6":{"start":{"line":7,"column":28},"end":{"line":7,"column":35}},"7":{"start":{"line":8,"column":16},"end":{"line":8,"column":31}},"8":{"start":{"line":9,"column":16},"end":{"line":9,"column":30}},"9":{"start":{"line":13,"column":25},"end":{"line":13,"column":35}},"10":{"start":{"line":14,"column":12},"end":{"line":14,"column":24}}},"fnMap":{"0":{"name":"(anonymous_0)","decl":{"start":{"line":1,"column":17},"end":{"line":1,"column":18}},"loc":{"start":{"line":1,"column":23},"end":{"line":17,"column":1}},"line":1},"1":{"name":"(anonymous_1)","decl":{"start":{"line":3,"column":17},"end":{"line":3,"column":18}},"loc":{"start":{"line":3,"column":27},"end":{"line":11,"column":9}},"line":3},"2":{"name":"(anonymous_2)","decl":{"start":{"line":12,"column":14},"end":{"line":12,"column":15}},"loc":{"start":{"line":12,"column":24},"end":{"line":15,"column":9}},"line":12}},"branchMap":{},"s":{"0":1,"1":13,"2":2,"3":2,"4":102,"5":102,"6":102,"7":102,"8":102,"9":39,"10":39},"f":{"0":13,"1":2,"2":39},"b":{},"_coverageSchema":"43e27e138ebf9cfc5966b082cf9a028302ed4184","hash":"5c7260d109dd7758bd4da2d001bd195128a3a214"}
,"/Users/mariussaevarsson/Documents/HR/HGOP/game_api/deck.js": {"path":"/Users/mariussaevarsson/Documents/HR/HGOP/game_api/deck.js","statementMap":{"0":{"start":{"line":1,"column":0},"end":{"line":8,"column":2}},"1":{"start":{"line":2,"column":4},"end":{"line":7,"column":6}}},"fnMap":{"0":{"name":"(anonymous_0)","decl":{"start":{"line":1,"column":17},"end":{"line":1,"column":18}},"loc":{"start":{"line":1,"column":23},"end":{"line":8,"column":1}},"line":1}},"branchMap":{},"s":{"0":1,"1":13},"f":{"0":13},"b":{},"_coverageSchema":"43e27e138ebf9cfc5966b082cf9a028302ed4184","hash":"39d090871be3f8c7a8368f474868e9603de79a3e"}
,"/Users/mariussaevarsson/Documents/HR/HGOP/game_api/lucky21.js": {"path":"/Users/mariussaevarsson/Documents/HR/HGOP/game_api/lucky21.js","statementMap":{"0":{"start":{"line":1,"column":0},"end":{"line":94,"column":2}},"1":{"start":{"line":2,"column":4},"end":{"line":2,"column":25}},"2":{"start":{"line":3,"column":16},"end":{"line":3,"column":33}},"3":{"start":{"line":4,"column":16},"end":{"line":4,"column":33}},"4":{"start":{"line":5,"column":16},"end":{"line":14,"column":5}},"5":{"start":{"line":15,"column":4},"end":{"line":93,"column":6}},"6":{"start":{"line":20,"column":24},"end":{"line":20,"column":43}},"7":{"start":{"line":21,"column":12},"end":{"line":22,"column":54}},"8":{"start":{"line":22,"column":16},"end":{"line":22,"column":54}},"9":{"start":{"line":23,"column":12},"end":{"line":23,"column":24}},"10":{"start":{"line":27,"column":24},"end":{"line":27,"column":43}},"11":{"start":{"line":28,"column":12},"end":{"line":29,"column":49}},"12":{"start":{"line":29,"column":16},"end":{"line":29,"column":49}},"13":{"start":{"line":31,"column":12},"end":{"line":32,"column":29}},"14":{"start":{"line":32,"column":16},"end":{"line":32,"column":29}},"15":{"start":{"line":33,"column":12},"end":{"line":33,"column":24}},"16":{"start":{"line":37,"column":22},"end":{"line":37,"column":23}},"17":{"start":{"line":38,"column":28},"end":{"line":38,"column":29}},"18":{"start":{"line":39,"column":12},"end":{"line":45,"column":13}},"19":{"start":{"line":39,"column":25},"end":{"line":39,"column":26}},"20":{"start":{"line":40,"column":29},"end":{"line":40,"column":73}},"21":{"start":{"line":41,"column":16},"end":{"line":44,"column":53}},"22":{"start":{"line":42,"column":20},"end":{"line":42,"column":32}},"23":{"start":{"line":44,"column":20},"end":{"line":44,"column":53}},"24":{"start":{"line":46,"column":12},"end":{"line":51,"column":13}},"25":{"start":{"line":46,"column":25},"end":{"line":46,"column":26}},"26":{"start":{"line":47,"column":16},"end":{"line":50,"column":29}},"27":{"start":{"line":48,"column":20},"end":{"line":48,"column":30}},"28":{"start":{"line":50,"column":20},"end":{"line":50,"column":29}},"29":{"start":{"line":52,"column":12},"end":{"line":52,"column":23}},"30":{"start":{"line":56,"column":12},"end":{"line":64,"column":13}},"31":{"start":{"line":57,"column":29},"end":{"line":57,"column":69}},"32":{"start":{"line":58,"column":16},"end":{"line":63,"column":34}},"33":{"start":{"line":59,"column":20},"end":{"line":59,"column":30}},"34":{"start":{"line":60,"column":21},"end":{"line":63,"column":34}},"35":{"start":{"line":61,"column":20},"end":{"line":61,"column":30}},"36":{"start":{"line":63,"column":20},"end":{"line":63,"column":34}},"37":{"start":{"line":65,"column":12},"end":{"line":65,"column":29}},"38":{"start":{"line":69,"column":28},"end":{"line":69,"column":51}},"39":{"start":{"line":70,"column":29},"end":{"line":70,"column":53}},"40":{"start":{"line":71,"column":12},"end":{"line":72,"column":46}},"41":{"start":{"line":72,"column":16},"end":{"line":72,"column":46}},"42":{"start":{"line":73,"column":12},"end":{"line":73,"column":30}},"43":{"start":{"line":77,"column":12},"end":{"line":77,"column":36}},"44":{"start":{"line":81,"column":12},"end":{"line":81,"column":35}},"45":{"start":{"line":85,"column":27},"end":{"line":85,"column":66}},"46":{"start":{"line":86,"column":12},"end":{"line":86,"column":44}},"47":{"start":{"line":90,"column":27},"end":{"line":90,"column":66}},"48":{"start":{"line":91,"column":12},"end":{"line":91,"column":39}}},"fnMap":{"0":{"name":"(anonymous_0)","decl":{"start":{"line":1,"column":17},"end":{"line":1,"column":18}},"loc":{"start":{"line":1,"column":35},"end":{"line":94,"column":1}},"line":1},"1":{"name":"(anonymous_1)","decl":{"start":{"line":19,"column":20},"end":{"line":19,"column":21}},"loc":{"start":{"line":19,"column":30},"end":{"line":24,"column":9}},"line":19},"2":{"name":"(anonymous_2)","decl":{"start":{"line":26,"column":19},"end":{"line":26,"column":20}},"loc":{"start":{"line":26,"column":29},"end":{"line":34,"column":9}},"line":26},"3":{"name":"(anonymous_3)","decl":{"start":{"line":36,"column":23},"end":{"line":36,"column":24}},"loc":{"start":{"line":36,"column":33},"end":{"line":53,"column":9}},"line":36},"4":{"name":"(anonymous_4)","decl":{"start":{"line":55,"column":22},"end":{"line":55,"column":23}},"loc":{"start":{"line":55,"column":32},"end":{"line":66,"column":9}},"line":55},"5":{"name":"(anonymous_5)","decl":{"start":{"line":68,"column":18},"end":{"line":68,"column":19}},"loc":{"start":{"line":68,"column":28},"end":{"line":74,"column":9}},"line":68},"6":{"name":"(anonymous_6)","decl":{"start":{"line":76,"column":18},"end":{"line":76,"column":19}},"loc":{"start":{"line":76,"column":28},"end":{"line":78,"column":9}},"line":76},"7":{"name":"(anonymous_7)","decl":{"start":{"line":80,"column":17},"end":{"line":80,"column":18}},"loc":{"start":{"line":80,"column":27},"end":{"line":82,"column":9}},"line":80},"8":{"name":"(anonymous_8)","decl":{"start":{"line":84,"column":24},"end":{"line":84,"column":25}},"loc":{"start":{"line":84,"column":34},"end":{"line":87,"column":9}},"line":84},"9":{"name":"(anonymous_9)","decl":{"start":{"line":89,"column":21},"end":{"line":89,"column":22}},"loc":{"start":{"line":89,"column":31},"end":{"line":92,"column":9}},"line":89}},"branchMap":{"0":{"loc":{"start":{"line":21,"column":12},"end":{"line":22,"column":54}},"type":"if","locations":[{"start":{"line":21,"column":12},"end":{"line":22,"column":54}},{"start":{"line":21,"column":12},"end":{"line":22,"column":54}}],"line":21},"1":{"loc":{"start":{"line":22,"column":23},"end":{"line":22,"column":53}},"type":"cond-expr","locations":[{"start":{"line":22,"column":41},"end":{"line":22,"column":45}},{"start":{"line":22,"column":48},"end":{"line":22,"column":53}}],"line":22},"2":{"loc":{"start":{"line":28,"column":12},"end":{"line":29,"column":49}},"type":"if","locations":[{"start":{"line":28,"column":12},"end":{"line":29,"column":49}},{"start":{"line":28,"column":12},"end":{"line":29,"column":49}}],"line":28},"3":{"loc":{"start":{"line":29,"column":23},"end":{"line":29,"column":48}},"type":"cond-expr","locations":[{"start":{"line":29,"column":37},"end":{"line":29,"column":42}},{"start":{"line":29,"column":44},"end":{"line":29,"column":48}}],"line":29},"4":{"loc":{"start":{"line":31,"column":12},"end":{"line":32,"column":29}},"type":"if","locations":[{"start":{"line":31,"column":12},"end":{"line":32,"column":29}},{"start":{"line":31,"column":12},"end":{"line":32,"column":29}}],"line":31},"5":{"loc":{"start":{"line":31,"column":15},"end":{"line":31,"column":39}},"type":"binary-expr","locations":[{"start":{"line":31,"column":15},"end":{"line":31,"column":25}},{"start":{"line":31,"column":29},"end":{"line":31,"column":39}}],"line":31},"6":{"loc":{"start":{"line":41,"column":16},"end":{"line":44,"column":53}},"type":"if","locations":[{"start":{"line":41,"column":16},"end":{"line":44,"column":53}},{"start":{"line":41,"column":16},"end":{"line":44,"column":53}}],"line":41},"7":{"loc":{"start":{"line":44,"column":27},"end":{"line":44,"column":52}},"type":"cond-expr","locations":[{"start":{"line":44,"column":41},"end":{"line":44,"column":43}},{"start":{"line":44,"column":46},"end":{"line":44,"column":52}}],"line":44},"8":{"loc":{"start":{"line":47,"column":16},"end":{"line":50,"column":29}},"type":"if","locations":[{"start":{"line":47,"column":16},"end":{"line":50,"column":29}},{"start":{"line":47,"column":16},"end":{"line":50,"column":29}}],"line":47},"9":{"loc":{"start":{"line":47,"column":19},"end":{"line":47,"column":53}},"type":"binary-expr","locations":[{"start":{"line":47,"column":19},"end":{"line":47,"column":34}},{"start":{"line":47,"column":38},"end":{"line":47,"column":53}}],"line":47},"10":{"loc":{"start":{"line":56,"column":12},"end":{"line":64,"column":13}},"type":"if","locations":[{"start":{"line":56,"column":12},"end":{"line":64,"column":13}},{"start":{"line":56,"column":12},"end":{"line":64,"column":13}}],"line":56},"11":{"loc":{"start":{"line":58,"column":16},"end":{"line":63,"column":34}},"type":"if","locations":[{"start":{"line":58,"column":16},"end":{"line":63,"column":34}},{"start":{"line":58,"column":16},"end":{"line":63,"column":34}}],"line":58},"12":{"loc":{"start":{"line":60,"column":21},"end":{"line":63,"column":34}},"type":"if","locations":[{"start":{"line":60,"column":21},"end":{"line":63,"column":34}},{"start":{"line":60,"column":21},"end":{"line":63,"column":34}}],"line":60},"13":{"loc":{"start":{"line":71,"column":12},"end":{"line":72,"column":46}},"type":"if","locations":[{"start":{"line":71,"column":12},"end":{"line":72,"column":46}},{"start":{"line":71,"column":12},"end":{"line":72,"column":46}}],"line":71}},"s":{"0":1,"1":13,"2":13,"3":13,"4":13,"5":13,"6":3,"7":3,"8":2,"9":1,"10":1,"11":1,"12":0,"13":1,"14":0,"15":1,"16":7,"17":7,"18":7,"19":7,"20":20,"21":20,"22":7,"23":13,"24":7,"25":7,"26":7,"27":6,"28":1,"29":7,"30":7,"31":5,"32":5,"33":0,"34":5,"35":0,"36":5,"37":2,"38":6,"39":6,"40":6,"41":4,"42":2,"43":1,"44":1,"45":7,"46":7,"47":6,"48":6},"f":{"0":13,"1":3,"2":1,"3":7,"4":7,"5":6,"6":1,"7":1,"8":7,"9":6},"b":{"0":[2,1],"1":[1,1],"2":[0,1],"3":[0,0],"4":[0,1],"5":[1,1],"6":[7,13],"7":[0,13],"8":[6,1],"9":[7,3],"10":[5,2],"11":[0,5],"12":[0,5],"13":[4,2]},"_coverageSchema":"43e27e138ebf9cfc5966b082cf9a028302ed4184","hash":"6e94709003844cf6f56c48fecc3490a49dab776a"}
}
