TN:
SF:/Users/mariussaevarsson/Documents/HR/HGOP/game_api/dealer.js
FN:1,(anonymous_0)
FN:3,(anonymous_1)
FN:12,(anonymous_2)
FNF:3
FNH:3
FNDA:13,(anonymous_0)
FNDA:2,(anonymous_1)
FNDA:39,(anonymous_2)
DA:1,1
DA:2,13
DA:4,2
DA:5,102
DA:6,102
DA:7,102
DA:8,102
DA:9,102
DA:13,39
DA:14,39
LF:10
LH:10
BRF:0
BRH:0
end_of_record
TN:
SF:/Users/mariussaevarsson/Documents/HR/HGOP/game_api/deck.js
FN:1,(anonymous_0)
FNF:1
FNH:1
FNDA:13,(anonymous_0)
DA:1,1
DA:2,13
LF:2
LH:2
BRF:0
BRH:0
end_of_record
TN:
SF:/Users/mariussaevarsson/Documents/HR/HGOP/game_api/lucky21.js
FN:1,(anonymous_0)
FN:19,(anonymous_1)
FN:26,(anonymous_2)
FN:36,(anonymous_3)
FN:55,(anonymous_4)
FN:68,(anonymous_5)
FN:76,(anonymous_6)
FN:80,(anonymous_7)
FN:84,(anonymous_8)
FN:89,(anonymous_9)
FNF:10
FNH:10
FNDA:13,(anonymous_0)
FNDA:3,(anonymous_1)
FNDA:1,(anonymous_2)
FNDA:7,(anonymous_3)
FNDA:7,(anonymous_4)
FNDA:6,(anonymous_5)
FNDA:1,(anonymous_6)
FNDA:1,(anonymous_7)
FNDA:7,(anonymous_8)
FNDA:6,(anonymous_9)
DA:1,1
DA:2,13
DA:3,13
DA:4,13
DA:5,13
DA:15,13
DA:20,3
DA:21,3
DA:22,2
DA:23,1
DA:27,1
DA:28,1
DA:29,0
DA:31,1
DA:32,0
DA:33,1
DA:37,7
DA:38,7
DA:39,7
DA:40,20
DA:41,20
DA:42,7
DA:44,13
DA:46,7
DA:47,7
DA:48,6
DA:50,1
DA:52,7
DA:56,7
DA:57,5
DA:58,5
DA:59,0
DA:60,5
DA:61,0
DA:63,5
DA:65,2
DA:69,6
DA:70,6
DA:71,6
DA:72,4
DA:73,2
DA:77,1
DA:81,1
DA:85,7
DA:86,7
DA:90,6
DA:91,6
LF:47
LH:43
BRDA:21,0,0,2
BRDA:21,0,1,1
BRDA:22,1,0,1
BRDA:22,1,1,1
BRDA:28,2,0,0
BRDA:28,2,1,1
BRDA:29,3,0,0
BRDA:29,3,1,0
BRDA:31,4,0,0
BRDA:31,4,1,1
BRDA:31,5,0,1
BRDA:31,5,1,1
BRDA:41,6,0,7
BRDA:41,6,1,13
BRDA:44,7,0,0
BRDA:44,7,1,13
BRDA:47,8,0,6
BRDA:47,8,1,1
BRDA:47,9,0,7
BRDA:47,9,1,3
BRDA:56,10,0,5
BRDA:56,10,1,2
BRDA:58,11,0,0
BRDA:58,11,1,5
BRDA:60,12,0,0
BRDA:60,12,1,5
BRDA:71,13,0,4
BRDA:71,13,1,2
BRF:28
BRH:21
end_of_record
